<?xml version="1.0" encoding="UTF-8"?>
<!-- Generated by org.testng.reporters.JUnitReportReporter -->
<testsuite hostname="Mich" failures="0" tests="1" name="tests.MostCheapProducts" time="0.633" errors="0" timestamp="2025-09-23T00:29:50 CST" skipped="0">
  <testcase classname="tests.MostCheapProducts" name="agregarTresProductosMasBaratosTest" time="0.633"/>
  <system-out/>
</testsuite> <!-- tests.MostCheapProducts -->
