<?xml version="1.0" encoding="UTF-8"?>
<!-- Generated by org.testng.reporters.JUnitReportReporter -->
<testsuite hostname="Mich" failures="0" tests="1" name="tests.standardLoginTest" time="0.320" errors="0" timestamp="2025-09-17T21:00:36 CST" skipped="0">
  <testcase classname="tests.standardLoginTest" name="loginTest" time="0.320"/>
  <system-out/>
</testsuite> <!-- tests.standardLoginTest -->
