<?xml version="1.0" encoding="UTF-8"?>
<!-- Generated by org.testng.reporters.JUnitReportReporter -->
<testsuite hostname="Mich" failures="0" tests="1" name="tests.inventoryExpensiveProducts" time="0.696" errors="0" timestamp="2025-09-20T00:51:35 CST" skipped="0">
  <testcase classname="tests.inventoryExpensiveProducts" name="comprarProductosMayores15" time="0.696"/>
  <system-out/>
</testsuite> <!-- tests.inventoryExpensiveProducts -->
